C[0][0] = 0
C[1][1] = 9801
C[2][2] = 9702
C[3][3] = 9801
C[4][4] = 9504
C[5][5] = 9405
C[6][6] = 9504
C[7][7] = 9702
C[8][8] = 9504
C[9][9] = 9801
C[10][10] = 8910
C[11][11] = 9801
C[12][12] = 9504
C[13][13] = 9009
C[14][14] = 9702
C[15][15] = 8910
C[16][16] = 9504
C[17][17] = 8415
C[18][18] = 8910
C[19][19] = 9405
C[20][20] = 7920
C[21][21] = 8316
C[22][22] = 8712
C[23][23] = 9108
C[24][24] = 9504
C[25][25] = 7425
C[26][26] = 7722
C[27][27] = 8019
C[28][28] = 8316
C[29][29] = 8613
C[30][30] = 8910
C[31][31] = 9207
C[32][32] = 9504
C[33][33] = 9801
C[34][34] = 6732
C[35][35] = 6930
C[36][36] = 7128
C[37][37] = 7326
C[38][38] = 7524
C[39][39] = 7722
C[40][40] = 7920
C[41][41] = 8118
C[42][42] = 8316
C[43][43] = 8514
C[44][44] = 8712
C[45][45] = 8910
C[46][46] = 9108
C[47][47] = 9306
C[48][48] = 9504
C[49][49] = 9702
C[50][50] = 4950
C[51][51] = 5049
C[52][52] = 5148
C[53][53] = 5247
C[54][54] = 5346
C[55][55] = 5445
C[56][56] = 5544
C[57][57] = 5643
C[58][58] = 5742
C[59][59] = 5841
C[60][60] = 5940
C[61][61] = 6039
C[62][62] = 6138
C[63][63] = 6237
C[64][64] = 6336
C[65][65] = 6435
C[66][66] = 6534
C[67][67] = 6633
C[68][68] = 6732
C[69][69] = 6831
C[70][70] = 6930
C[71][71] = 7029
C[72][72] = 7128
C[73][73] = 7227
C[74][74] = 7326
C[75][75] = 7425
C[76][76] = 7524
C[77][77] = 7623
C[78][78] = 7722
C[79][79] = 7821
C[80][80] = 7920
C[81][81] = 8019
C[82][82] = 8118
C[83][83] = 8217
C[84][84] = 8316
C[85][85] = 8415
C[86][86] = 8514
C[87][87] = 8613
C[88][88] = 8712
C[89][89] = 8811
C[90][90] = 8910
C[91][91] = 9009
C[92][92] = 9108
C[93][93] = 9207
C[94][94] = 9306
C[95][95] = 9405
C[96][96] = 9504
C[97][97] = 9603
C[98][98] = 9702
C[99][99] = 9801
